<?xml version="1.0" encoding="utf-8"?>
<TestRun id="5be11836-54c6-42ca-85bb-66dac7a4b2b7" name="titao@CPC-titao-MNZ20 2026-09-11 02:28:42" runUser="FAREAST\titao" xmlns="http://microsoft.com/schemas/VisualStudio/TeamTest/2010">
  <Times creation="2026-09-11T02:28:42.9049339+08:00" queuing="2026-09-11T02:28:42.9049341+08:00" start="2026-09-11T02:28:41.1237713+08:00" finish="2026-09-11T02:28:42.9132824+08:00" />
  <TestSettings name="default" id="43aabe5b-937e-47f6-8e94-922a4d24f3d6">
    <Deployment runDeploymentRoot="titao_CPC-titao-MNZ20_2026-09-11_02_28_42" />
  </TestSettings>
  <Results>
    <UnitTestResult executionId="2b79417b-7d1a-4591-b148-438c198d3363" testId="58c38dde-a672-6642-3aa3-37a63e57f5b4" testName="AdaptReturnsOneDelegatedUnavailableAndFourIndependentRewrites (NotReturned,&quot;SOURCE_REFERENCE_NOT_RETURNED&quot;)" computerName="CPC-titao-MNZ20" duration="00:00:00.0037942" startTime="2026-09-11T02:28:42.7195925+08:00" endTime="2026-09-11T02:28:42.7238009+08:00" testType="13cdc9d9-ddb5-4fa4-a97d-d965ccfc6d4b" outcome="Failed" testListId="8c84fa94-04c1-424b-9868-57a2d4851a1d" relativeResultsDirectory="2b79417b-7d1a-4591-b148-438c198d3363">
      <Output>
        <ErrorInfo>
          <Message>Assert.AreEqual failed. Expected:&lt;a830edad9050849cupcollect.sharepoint.com&gt;. Actual:&lt;microsoft.sharepoint.com&gt;. </Message>
          <StackTrace>   at ClassicWikiRestSourceAdapterTests.AdaptReturnsOneDelegatedUnavailableAndFourIndependentRewrites(PageCaptureStatus status, String expectedReason) in C:\Users\titao\AppData\Local\Temp\paperclip-ccd487-5bfc6d53\tools\ccd153-native-producer.tests\ClassicWikiRestSourceAdapterTests.cs:line 90&#xD;
   at InvokeStub_ClassicWikiRestSourceAdapterTests.AdaptReturnsOneDelegatedUnavailableAndFourIndependentRewrites(Object, Span`1)&#xD;
   at System.Reflection.MethodBaseInvoker.InvokeWithFewArgs(Object obj, BindingFlags invokeAttr, Binder binder, Object[] parameters, CultureInfo culture)&#xD;
</StackTrace>
        </ErrorInfo>
      </Output>
    </UnitTestResult>
    <UnitTestResult executionId="0ff37f37-1d8c-421f-836d-ffe68e21cac7" testId="6ef3b2d1-34ee-3929-71c0-e9e7d3436cfc" testName="AdaptRestoresOnlyTheUnavailableCanonicalValueWhenAnotherReferenceHasAQuerySuffix" computerName="CPC-titao-MNZ20" duration="00:00:00.0053882" startTime="2026-09-11T02:28:42.7244985+08:00" endTime="2026-09-11T02:28:42.7327618+08:00" testType="13cdc9d9-ddb5-4fa4-a97d-d965ccfc6d4b" outcome="Failed" testListId="8c84fa94-04c1-424b-9868-57a2d4851a1d" relativeResultsDirectory="0ff37f37-1d8c-421f-836d-ffe68e21cac7">
      <Output>
        <ErrorInfo>
          <Message>StringAssert.Contains failed. String '&lt;div&gt;&lt;a href="/teams/source/SitePages/one.aspx"&gt;Unavailable&lt;/a&gt;&lt;a href="/teams/source/SitePages/one.aspx?view=two"&gt;Independent&lt;/a&gt;&lt;area href="/teams/source/SitePages/one.aspx"&gt;Other consumer&lt;/area&gt;&lt;span&gt;literal /teams/source/SitePages/one.aspx&lt;/span&gt;&lt;/div&gt;' does not contain string 'href="/teams/target/SitePages/one.aspx?view=two"'. .</Message>
          <StackTrace>   at ClassicWikiRestSourceAdapterTests.AdaptRestoresOnlyTheUnavailableCanonicalValueWhenAnotherReferenceHasAQuerySuffix() in C:\Users\titao\AppData\Local\Temp\paperclip-ccd487-5bfc6d53\tools\ccd153-native-producer.tests\ClassicWikiRestSourceAdapterTests.cs:line 133&#xD;
   at System.Reflection.MethodBaseInvoker.InterpretedInvoke_Method(Object obj, IntPtr* args)&#xD;
   at System.Reflection.MethodBaseInvoker.InvokeWithNoArgs(Object obj, BindingFlags invokeAttr)&#xD;
</StackTrace>
        </ErrorInfo>
      </Output>
    </UnitTestResult>
    <UnitTestResult executionId="aee2c3ca-f146-4e81-accc-ef0dd018b186" testId="713469a0-045d-63a6-64f4-a6ad8c4eea5a" testName="AdaptReturnsOneDelegatedUnavailableAndFourIndependentRewrites (Failed,&quot;SOURCE_REFERENCE_CAPTURE_FAILED&quot;)" computerName="CPC-titao-MNZ20" duration="00:00:00.5584699" startTime="2026-09-11T02:28:42.1223485+08:00" endTime="2026-09-11T02:28:42.7124388+08:00" testType="13cdc9d9-ddb5-4fa4-a97d-d965ccfc6d4b" outcome="Failed" testListId="8c84fa94-04c1-424b-9868-57a2d4851a1d" relativeResultsDirectory="aee2c3ca-f146-4e81-accc-ef0dd018b186">
      <Output>
        <ErrorInfo>
          <Message>Assert.AreEqual failed. Expected:&lt;a830edad9050849cupcollect.sharepoint.com&gt;. Actual:&lt;microsoft.sharepoint.com&gt;. </Message>
          <StackTrace>   at ClassicWikiRestSourceAdapterTests.AdaptReturnsOneDelegatedUnavailableAndFourIndependentRewrites(PageCaptureStatus status, String expectedReason) in C:\Users\titao\AppData\Local\Temp\paperclip-ccd487-5bfc6d53\tools\ccd153-native-producer.tests\ClassicWikiRestSourceAdapterTests.cs:line 90&#xD;
   at System.Reflection.MethodBaseInvoker.InterpretedInvoke_Method(Object obj, IntPtr* args)&#xD;
   at System.Reflection.MethodBaseInvoker.InvokeDirectByRefWithFewArgs(Object obj, Span`1 copyOfArgs, BindingFlags invokeAttr)&#xD;
</StackTrace>
        </ErrorInfo>
      </Output>
    </UnitTestResult>
  </Results>
  <TestDefinitions>
    <UnitTest name="AdaptReturnsOneDelegatedUnavailableAndFourIndependentRewrites (Failed,&quot;SOURCE_REFERENCE_CAPTURE_FAILED&quot;)" storage="c:\users\titao\appdata\local\temp\paperclip-ccd487-5bfc6d53\tools\ccd153-native-producer.tests\bin\debug\net10.0\ccd153-native-producer.tests.dll" id="713469a0-045d-63a6-64f4-a6ad8c4eea5a">
      <Execution id="aee2c3ca-f146-4e81-accc-ef0dd018b186" />
      <TestMethod codeBase="C:\Users\titao\AppData\Local\Temp\paperclip-ccd487-5bfc6d53\tools\ccd153-native-producer.tests\bin\Debug\net10.0\ccd153-native-producer.tests.dll" adapterTypeName="executor://mstestadapter/v2" className="ClassicWikiRestSourceAdapterTests" name="AdaptReturnsOneDelegatedUnavailableAndFourIndependentRewrites" />
    </UnitTest>
    <UnitTest name="AdaptRestoresOnlyTheUnavailableCanonicalValueWhenAnotherReferenceHasAQuerySuffix" storage="c:\users\titao\appdata\local\temp\paperclip-ccd487-5bfc6d53\tools\ccd153-native-producer.tests\bin\debug\net10.0\ccd153-native-producer.tests.dll" id="6ef3b2d1-34ee-3929-71c0-e9e7d3436cfc">
      <Execution id="0ff37f37-1d8c-421f-836d-ffe68e21cac7" />
      <TestMethod codeBase="C:\Users\titao\AppData\Local\Temp\paperclip-ccd487-5bfc6d53\tools\ccd153-native-producer.tests\bin\Debug\net10.0\ccd153-native-producer.tests.dll" adapterTypeName="executor://mstestadapter/v2" className="ClassicWikiRestSourceAdapterTests" name="AdaptRestoresOnlyTheUnavailableCanonicalValueWhenAnotherReferenceHasAQuerySuffix" />
    </UnitTest>
    <UnitTest name="AdaptReturnsOneDelegatedUnavailableAndFourIndependentRewrites (NotReturned,&quot;SOURCE_REFERENCE_NOT_RETURNED&quot;)" storage="c:\users\titao\appdata\local\temp\paperclip-ccd487-5bfc6d53\tools\ccd153-native-producer.tests\bin\debug\net10.0\ccd153-native-producer.tests.dll" id="58c38dde-a672-6642-3aa3-37a63e57f5b4">
      <Execution id="2b79417b-7d1a-4591-b148-438c198d3363" />
      <TestMethod codeBase="C:\Users\titao\AppData\Local\Temp\paperclip-ccd487-5bfc6d53\tools\ccd153-native-producer.tests\bin\Debug\net10.0\ccd153-native-producer.tests.dll" adapterTypeName="executor://mstestadapter/v2" className="ClassicWikiRestSourceAdapterTests" name="AdaptReturnsOneDelegatedUnavailableAndFourIndependentRewrites" />
    </UnitTest>
  </TestDefinitions>
  <TestEntries>
    <TestEntry testId="58c38dde-a672-6642-3aa3-37a63e57f5b4" executionId="2b79417b-7d1a-4591-b148-438c198d3363" testListId="8c84fa94-04c1-424b-9868-57a2d4851a1d" />
    <TestEntry testId="6ef3b2d1-34ee-3929-71c0-e9e7d3436cfc" executionId="0ff37f37-1d8c-421f-836d-ffe68e21cac7" testListId="8c84fa94-04c1-424b-9868-57a2d4851a1d" />
    <TestEntry testId="713469a0-045d-63a6-64f4-a6ad8c4eea5a" executionId="aee2c3ca-f146-4e81-accc-ef0dd018b186" testListId="8c84fa94-04c1-424b-9868-57a2d4851a1d" />
  </TestEntries>
  <TestLists>
    <TestList name="Results Not in a List" id="8c84fa94-04c1-424b-9868-57a2d4851a1d" />
    <TestList name="All Loaded Results" id="19431567-8539-422a-85d7-44ee4e166bda" />
  </TestLists>
  <ResultSummary outcome="Failed">
    <Counters total="3" executed="3" passed="0" failed="3" error="0" timeout="0" aborted="0" inconclusive="0" passedButRunAborted="0" notRunnable="0" notExecuted="0" disconnected="0" warning="0" completed="0" inProgress="0" pending="0" />
  </ResultSummary>
</TestRun>